<?xml version='1.0' encoding='UTF-8'?>
<testsuites>
  <testsuite name="Test Suite" device="0A131FDD4006VE" tests="19" failures="14" time="1335.0">
    <testcase id="00-launch" name="00-launch" classname="00-launch" file="flows\00-launch.yaml" time="6.0" status="SUCCESS"/>
    <testcase id="01b-manual-entry" name="01b-manual-entry" classname="01b-manual-entry" file="flows\01b-manual-entry.yaml" time="108.0" status="ERROR">
      <failure>Element not found: Id matching regex: tab-journal</failure>
    </testcase>
    <testcase id="01c-barcode-fallback" name="01c-barcode-fallback" classname="01c-barcode-fallback" file="flows\01c-barcode-fallback.yaml" time="22.0" status="SUCCESS"/>
    <testcase id="01d-browse-edit" name="01d-browse-edit" classname="01d-browse-edit" file="flows\01d-browse-edit.yaml" time="121.0" status="ERROR">
      <failure>Element not found: Text matching regex: Save changes</failure>
    </testcase>
    <testcase id="01e-reminders" name="01e-reminders" classname="01e-reminders" file="flows\01e-reminders.yaml" time="18.0" status="ERROR">
      <failure>Element not found: Text matching regex: Reminder settings</failure>
    </testcase>
    <testcase id="02-bm-tracking" name="02-bm-tracking" classname="02-bm-tracking" file="flows\02-bm-tracking.yaml" time="97.0" status="ERROR">
      <failure>Assertion is false: "Bowel movement" is visible</failure>
    </testcase>
    <testcase id="03-insights" name="03-insights" classname="03-insights" file="flows\03-insights.yaml" time="201.0" status="ERROR">
      <failure>Assertion is false: "across" is visible</failure>
    </testcase>
    <testcase id="ab-satfat-ingredients" name="ab-satfat-ingredients" classname="ab-satfat-ingredients" file="flows\ab-satfat-ingredients.yaml" time="69.0" status="ERROR">
      <failure>No visible element found: "butter, cream"</failure>
    </testcase>
    <testcase id="c-symptom-logging" name="c-symptom-logging" classname="c-symptom-logging" file="flows\c-symptom-logging.yaml" time="95.0" status="ERROR">
      <failure>Assertion is false: "Bloating" is visible</failure>
    </testcase>
    <testcase id="d-ingredient-insights" name="d-ingredient-insights" classname="d-ingredient-insights" file="flows\d-ingredient-insights.yaml" time="37.0" status="ERROR">
      <failure>Element not found: Text matching regex: Ingredients</failure>
    </testcase>
    <testcase id="e-temporal-insights" name="e-temporal-insights" classname="e-temporal-insights" file="flows\e-temporal-insights.yaml" time="96.0" status="ERROR">
      <failure>Assertion is false: "BM" is visible</failure>
    </testcase>
    <testcase id="f-serving-size" name="f-serving-size" classname="f-serving-size" file="flows\f-serving-size.yaml" time="71.0" status="ERROR">
      <failure>Element not found: Id matching regex: tab-journal</failure>
    </testcase>
    <testcase id="g-datetime-picker" name="g-datetime-picker" classname="g-datetime-picker" file="flows\g-datetime-picker.yaml" time="73.0" status="ERROR">
      <failure>Element not found: Id matching regex: tab-journal</failure>
    </testcase>
    <testcase id="h-recent-foods" name="h-recent-foods" classname="h-recent-foods" file="flows\h-recent-foods.yaml" time="91.0" status="ERROR">
      <failure>Assertion is false: "Save entry" is visible</failure>
    </testcase>
    <testcase id="i-backup" name="i-backup" classname="i-backup" file="flows\i-backup.yaml" time="77.0" status="ERROR">
      <failure>Element not found: Text matching regex: Reminder settings</failure>
    </testcase>
    <testcase id="journal-calendar" name="journal-calendar" classname="journal-calendar" file="flows\journal-calendar.yaml" time="93.0" status="SUCCESS"/>
    <testcase id="nav-tabs" name="nav-tabs" classname="nav-tabs" file="flows\nav-tabs.yaml" time="18.0" status="SUCCESS"/>
    <testcase id="settings-smoke" name="settings-smoke" classname="settings-smoke" file="flows\settings-smoke.yaml" time="25.0" status="ERROR">
      <failure>Assertion is false: "App" is visible</failure>
    </testcase>
    <testcase id="ux3-scan-screen" name="ux3-scan-screen" classname="ux3-scan-screen" file="flows\ux3-scan-screen.yaml" time="17.0" status="SUCCESS"/>
  </testsuite>
</testsuites>
